current directory: c:/Users/walla/class-projects/MapleP/gnore-dependencies/gems/thin-1.7.2/ext/thin_parser
C:/Ruby24/bin/ruby.exe -r ./siteconf20171219-5940-fjm9l7.rb extconf.rb
checking for main() in -lc... *** extconf.rb failed ***
Could not create Makefile due to some reason, probably lack of necessary
libraries and/or headers.  Check the mkmf.log file for more details.  You may
need configuration options.

Provided configuration options:
	--with-opt-dir
	--without-opt-dir
	--with-opt-include
	--without-opt-include=${opt-dir}/include
	--with-opt-lib
	--without-opt-lib=${opt-dir}/lib
	--with-make-prog
	--without-make-prog
	--srcdir=.
	--curdir
	--ruby=C:/Ruby24/bin/$(RUBY_BASE_NAME)
	--with-thin_parser-dir
	--without-thin_parser-dir
	--with-thin_parser-include
	--without-thin_parser-include=${thin_parser-dir}/include
	--with-thin_parser-lib
	--without-thin_parser-lib=${thin_parser-dir}/lib
	--with-clib
	--without-clib
C:/Ruby24/lib/ruby/2.4.0/mkmf.rb:457:in `try_do': The compiler failed to generate an executable file. (RuntimeError)
You have to install development tools first.
	from C:/Ruby24/lib/ruby/2.4.0/mkmf.rb:542:in `try_link0'
	from C:/Ruby24/lib/ruby/2.4.0/mkmf.rb:557:in `try_link'
	from C:/Ruby24/lib/ruby/2.4.0/mkmf.rb:768:in `try_func'
	from C:/Ruby24/lib/ruby/2.4.0/mkmf.rb:1002:in `block in have_library'
	from C:/Ruby24/lib/ruby/2.4.0/mkmf.rb:945:in `block in checking_for'
	from C:/Ruby24/lib/ruby/2.4.0/mkmf.rb:351:in `block (2 levels) in postpone'
	from C:/Ruby24/lib/ruby/2.4.0/mkmf.rb:321:in `open'
	from C:/Ruby24/lib/ruby/2.4.0/mkmf.rb:351:in `block in postpone'
	from C:/Ruby24/lib/ruby/2.4.0/mkmf.rb:321:in `open'
	from C:/Ruby24/lib/ruby/2.4.0/mkmf.rb:347:in `postpone'
	from C:/Ruby24/lib/ruby/2.4.0/mkmf.rb:944:in `checking_for'
	from C:/Ruby24/lib/ruby/2.4.0/mkmf.rb:997:in `have_library'
	from extconf.rb:4:in `<main>'

To see why this extension failed to compile, please check the mkmf.log which can be found here:

  c:/Users/walla/class-projects/MapleP/gnore-dependencies/extensions/x86-mingw32/2.4.0/thin-1.7.2/mkmf.log

extconf failed, exit code 1
